<?xml version="1.0" encoding="UTF-8"?>
<!-- Generated by org.testng.reporters.JUnitReportReporter -->
<testsuite hostname="DESKTOP-N2T4CKF" failures="0" tests="20" name="testPages.HomePageTest" time="7.689" errors="0" timestamp="2023-01-04T08:15:51 EST" skipped="19">
  <testcase classname="testPages.HomePageTest" name="use_of_getAttribute_method" time="7.689"/>
  <system-out/>
  <testcase classname="testPages.HomePageTest" name="useOfReturn">
    <skipped/>
  </testcase> <!-- useOfReturn -->
  <system-out/>
  <testcase classname="testPages.HomePageTest" name="inputTextInUserIdFieldTest">
    <skipped/>
  </testcase> <!-- inputTextInUserIdFieldTest -->
  <system-out/>
  <testcase classname="testPages.HomePageTest" name="signinFunctionlityTest">
    <skipped/>
  </testcase> <!-- signinFunctionlityTest -->
  <system-out/>
  <testcase classname="testPages.HomePageTest" name="use_of_isSelected_in_remember_userID_checkbox">
    <skipped/>
  </testcase> <!-- use_of_isSelected_in_remember_userID_checkbox -->
  <system-out/>
  <testcase classname="testPages.HomePageTest" name="use_of_getTitle_and_getURL_in_insurance_page">
    <skipped/>
  </testcase> <!-- use_of_getTitle_and_getURL_in_insurance_page -->
  <system-out/>
  <testcase classname="testPages.HomePageTest" name="inputTextInPasswordField">
    <skipped/>
  </testcase> <!-- inputTextInPasswordField -->
  <system-out/>
  <testcase classname="testPages.HomePageTest" name="useOfSendKeys">
    <skipped/>
  </testcase> <!-- useOfSendKeys -->
  <system-out/>
  <testcase classname="testPages.HomePageTest" name="use_of_getText_in_insurance_page">
    <skipped/>
  </testcase> <!-- use_of_getText_in_insurance_page -->
  <system-out/>
  <testcase classname="testPages.HomePageTest" name="useOfEnter">
    <skipped/>
  </testcase> <!-- useOfEnter -->
  <system-out/>
  <testcase classname="testPages.HomePageTest" name="use_of_isEnabled_in_signin_button">
    <skipped/>
  </testcase> <!-- use_of_isEnabled_in_signin_button -->
  <system-out/>
  <testcase classname="testPages.HomePageTest" name="useOfNavigateMethod">
    <skipped/>
  </testcase> <!-- useOfNavigateMethod -->
  <system-out/>
  <testcase classname="testPages.HomePageTest" name="clickRememberUserIdCheckBoxTest">
    <skipped/>
  </testcase> <!-- clickRememberUserIdCheckBoxTest -->
  <system-out/>
  <testcase classname="testPages.HomePageTest" name="clickSignin02test">
    <skipped/>
  </testcase> <!-- clickSignin02test -->
  <system-out/>
  <testcase classname="testPages.HomePageTest" name="clickSignin01test">
    <skipped/>
  </testcase> <!-- clickSignin01test -->
  <system-out/>
  <testcase classname="testPages.HomePageTest" name="useOfLinkTextAsLocator">
    <skipped/>
  </testcase> <!-- useOfLinkTextAsLocator -->
  <system-out/>
  <testcase classname="testPages.HomePageTest" name="use_of_isDisplayed_in_logo_image">
    <skipped/>
  </testcase> <!-- use_of_isDisplayed_in_logo_image -->
  <system-out/>
  <testcase classname="testPages.HomePageTest" name="clickLogoTest">
    <skipped/>
  </testcase> <!-- clickLogoTest -->
  <system-out/>
  <testcase classname="testPages.HomePageTest" name="use_of_clear_method_in_searchEngine">
    <skipped/>
  </testcase> <!-- use_of_clear_method_in_searchEngine -->
  <system-out/>
  <testcase classname="testPages.HomePageTest" name="useOfPartialLinkTextAsLocator">
    <skipped/>
  </testcase> <!-- useOfPartialLinkTextAsLocator -->
  <system-out/>
</testsuite> <!-- testPages.HomePageTest -->
