<?xml version="1.0" encoding="UTF-8"?>
<!-- Generated by org.testng.reporters.JUnitReportReporter -->
<testsuite hostname="DESKTOP-N2T4CKF" failures="0" tests="57" name="testPages.HomePageTest" time="16.661" errors="0" timestamp="2023-01-27T18:57:58 EST" skipped="56">
  <testcase classname="testPages.HomePageTest" name="readAnyCellOfARowofTheTable" time="16.661"/>
  <system-out/>
  <testcase classname="testPages.HomePageTest" name="read_table">
    <skipped/>
  </testcase> <!-- read_table -->
  <system-out/>
  <testcase classname="testPages.HomePageTest" name="web_based_alert_dismiss_test">
    <skipped/>
  </testcase> <!-- web_based_alert_dismiss_test -->
  <system-out/>
  <testcase classname="testPages.HomePageTest" name="web_based_alert_accept_test">
    <skipped/>
  </testcase> <!-- web_based_alert_accept_test -->
  <system-out/>
  <testcase classname="testPages.HomePageTest" name="clickLogoTest">
    <skipped/>
  </testcase> <!-- clickLogoTest -->
  <system-out/>
  <testcase classname="testPages.HomePageTest" name="use_of_scroll_down_and_scroll_up_by_actions_class">
    <skipped/>
  </testcase> <!-- use_of_scroll_down_and_scroll_up_by_actions_class -->
  <system-out/>
  <testcase classname="testPages.HomePageTest" name="switchBetweenWindow03">
    <skipped/>
  </testcase> <!-- switchBetweenWindow03 -->
  <system-out/>
  <testcase classname="testPages.HomePageTest" name="use_of_explicitly_wait02">
    <skipped/>
  </testcase> <!-- use_of_explicitly_wait02 -->
  <system-out/>
  <testcase classname="testPages.HomePageTest" name="useOfHoverAction02">
    <skipped/>
  </testcase> <!-- useOfHoverAction02 -->
  <system-out/>
  <testcase classname="testPages.HomePageTest" name="use_of_explicitly_wait">
    <skipped/>
  </testcase> <!-- use_of_explicitly_wait -->
  <system-out/>
  <testcase classname="testPages.HomePageTest" name="use_of_getAttribute_method">
    <skipped/>
  </testcase> <!-- use_of_getAttribute_method -->
  <system-out/>
  <testcase classname="testPages.HomePageTest" name="use_of_right_click_action_test">
    <skipped/>
  </testcase> <!-- use_of_right_click_action_test -->
  <system-out/>
  <testcase classname="testPages.HomePageTest" name="useOfReturn">
    <skipped/>
  </testcase> <!-- useOfReturn -->
  <system-out/>
  <testcase classname="testPages.HomePageTest" name="useOfSendKeys">
    <skipped/>
  </testcase> <!-- useOfSendKeys -->
  <system-out/>
  <testcase classname="testPages.HomePageTest" name="useOfHardAssert01">
    <skipped/>
  </testcase> <!-- useOfHardAssert01 -->
  <system-out/>
  <testcase classname="testPages.HomePageTest" name="use_of_clear_method_in_searchEngine">
    <skipped/>
  </testcase> <!-- use_of_clear_method_in_searchEngine -->
  <system-out/>
  <testcase classname="testPages.HomePageTest" name="handleing_hidden_element">
    <skipped/>
  </testcase> <!-- handleing_hidden_element -->
  <system-out/>
  <testcase classname="testPages.HomePageTest" name="clickSignin02test">
    <skipped/>
  </testcase> <!-- clickSignin02test -->
  <system-out/>
  <testcase classname="testPages.HomePageTest" name="use_of_scroll_down_and_scroll_up_by_javascriptExecutor">
    <skipped/>
  </testcase> <!-- use_of_scroll_down_and_scroll_up_by_javascriptExecutor -->
  <system-out/>
  <testcase classname="testPages.HomePageTest" name="use_of_getText_in_insurance_page">
    <skipped/>
  </testcase> <!-- use_of_getText_in_insurance_page -->
  <system-out/>
  <testcase classname="testPages.HomePageTest" name="use_of_set_specific_size_in_window">
    <skipped/>
  </testcase> <!-- use_of_set_specific_size_in_window -->
  <system-out/>
  <testcase classname="testPages.HomePageTest" name="clickSignin01test">
    <skipped/>
  </testcase> <!-- clickSignin01test -->
  <system-out/>
  <testcase classname="testPages.HomePageTest" name="inputText_by_javascriptExecutor">
    <skipped/>
  </testcase> <!-- inputText_by_javascriptExecutor -->
  <system-out/>
  <testcase classname="testPages.HomePageTest" name="useofHoverAction01">
    <skipped/>
  </testcase> <!-- useofHoverAction01 -->
  <system-out/>
  <testcase classname="testPages.HomePageTest" name="use_of_slider_action_alternate">
    <skipped/>
  </testcase> <!-- use_of_slider_action_alternate -->
  <system-out/>
  <testcase classname="testPages.HomePageTest" name="scrollIntoViewTheElement">
    <skipped/>
  </testcase> <!-- scrollIntoViewTheElement -->
  <system-out/>
  <testcase classname="testPages.HomePageTest" name="useOfHardAssert02">
    <skipped/>
  </testcase> <!-- useOfHardAssert02 -->
  <system-out/>
  <testcase classname="testPages.HomePageTest" name="use_of_double_click_action">
    <skipped/>
  </testcase> <!-- use_of_double_click_action -->
  <system-out/>
  <testcase classname="testPages.HomePageTest" name="mouseHoverActionOnAboutUs">
    <skipped/>
  </testcase> <!-- mouseHoverActionOnAboutUs -->
  <system-out/>
  <testcase classname="testPages.HomePageTest" name="useOfDropDown_by_index_Method">
    <skipped/>
  </testcase> <!-- useOfDropDown_by_index_Method -->
  <system-out/>
  <testcase classname="testPages.HomePageTest" name="use_of_robot_class_to_scroll_up_and_down">
    <skipped/>
  </testcase> <!-- use_of_robot_class_to_scroll_up_and_down -->
  <system-out/>
  <testcase classname="testPages.HomePageTest" name="use_of_getTitle_and_getURL_in_insurance_page">
    <skipped/>
  </testcase> <!-- use_of_getTitle_and_getURL_in_insurance_page -->
  <system-out/>
  <testcase classname="testPages.HomePageTest" name="use_of_isDisplayed_in_logo_image">
    <skipped/>
  </testcase> <!-- use_of_isDisplayed_in_logo_image -->
  <system-out/>
  <testcase classname="testPages.HomePageTest" name="inputTextInPasswordField">
    <skipped/>
  </testcase> <!-- inputTextInPasswordField -->
  <system-out/>
  <testcase classname="testPages.HomePageTest" name="useOfNavigateMethod">
    <skipped/>
  </testcase> <!-- useOfNavigateMethod -->
  <system-out/>
  <testcase classname="testPages.HomePageTest" name="use_of_isEnabled_in_signin_button">
    <skipped/>
  </testcase> <!-- use_of_isEnabled_in_signin_button -->
  <system-out/>
  <testcase classname="testPages.HomePageTest" name="switchBetweenWindow01">
    <skipped/>
  </testcase> <!-- switchBetweenWindow01 -->
  <system-out/>
  <testcase classname="testPages.HomePageTest" name="click_by_javascriptExecutor">
    <skipped/>
  </testcase> <!-- click_by_javascriptExecutor -->
  <system-out/>
  <testcase classname="testPages.HomePageTest" name="use_of_isSelected_in_remember_userID_checkbox">
    <skipped/>
  </testcase> <!-- use_of_isSelected_in_remember_userID_checkbox -->
  <system-out/>
  <testcase classname="testPages.HomePageTest" name="signinFunctionlityTest">
    <skipped/>
  </testcase> <!-- signinFunctionlityTest -->
  <system-out/>
  <testcase classname="testPages.HomePageTest" name="use_of_double_click_action_test">
    <skipped/>
  </testcase> <!-- use_of_double_click_action_test -->
  <system-out/>
  <testcase classname="testPages.HomePageTest" name="authenticationPopUpTest">
    <skipped/>
  </testcase> <!-- authenticationPopUpTest -->
  <system-out/>
  <testcase classname="testPages.HomePageTest" name="useOfHardAssert03">
    <skipped/>
  </testcase> <!-- useOfHardAssert03 -->
  <system-out/>
  <testcase classname="testPages.HomePageTest" name="Use_of_loggerTest02">
    <skipped/>
  </testcase> <!-- Use_of_loggerTest02 -->
  <system-out/>
  <testcase classname="testPages.HomePageTest" name="useOfLinkTextAsLocator">
    <skipped/>
  </testcase> <!-- useOfLinkTextAsLocator -->
  <system-out/>
  <testcase classname="testPages.HomePageTest" name="useOfPartialLinkTextAsLocator">
    <skipped/>
  </testcase> <!-- useOfPartialLinkTextAsLocator -->
  <system-out/>
  <testcase classname="testPages.HomePageTest" name="clickRememberUserIdCheckBoxTest">
    <skipped/>
  </testcase> <!-- clickRememberUserIdCheckBoxTest -->
  <system-out/>
  <testcase classname="testPages.HomePageTest" name="inputTextInUserIdFieldTest">
    <skipped/>
  </testcase> <!-- inputTextInUserIdFieldTest -->
  <system-out/>
  <testcase classname="testPages.HomePageTest" name="use_of_right_click_action">
    <skipped/>
  </testcase> <!-- use_of_right_click_action -->
  <system-out/>
  <testcase classname="testPages.HomePageTest" name="useOfEnter">
    <skipped/>
  </testcase> <!-- useOfEnter -->
  <system-out/>
  <testcase classname="testPages.HomePageTest" name="use_of_drag_and_drop_action">
    <skipped/>
  </testcase> <!-- use_of_drag_and_drop_action -->
  <system-out/>
  <testcase classname="testPages.HomePageTest" name="useOfLoggerTest">
    <skipped/>
  </testcase> <!-- useOfLoggerTest -->
  <system-out/>
  <testcase classname="testPages.HomePageTest" name="useOfDropDown_by_visual_text">
    <skipped/>
  </testcase> <!-- useOfDropDown_by_visual_text -->
  <system-out/>
  <testcase classname="testPages.HomePageTest" name="useOfDropDown_by_value">
    <skipped/>
  </testcase> <!-- useOfDropDown_by_value -->
  <system-out/>
  <testcase classname="testPages.HomePageTest" name="Use_of_loggerTest01">
    <skipped/>
  </testcase> <!-- Use_of_loggerTest01 -->
  <system-out/>
  <testcase classname="testPages.HomePageTest" name="useOfHardAssert04">
    <skipped/>
  </testcase> <!-- useOfHardAssert04 -->
  <system-out/>
  <testcase classname="testPages.HomePageTest" name="use_of_slider_action">
    <skipped/>
  </testcase> <!-- use_of_slider_action -->
  <system-out/>
</testsuite> <!-- testPages.HomePageTest -->
