<?xml version="1.0" encoding="UTF-8"?>
<!-- Generated by org.testng.reporters.JUnitReportReporter -->
<testsuite hostname="DESKTOP-N2T4CKF" failures="0" tests="10" name="testPages.HomePageTest" time="8.335" errors="0" timestamp="2022-12-27T12:09:22 EST" skipped="9">
  <testcase classname="testPages.HomePageTest" name="useOfSendKeys" time="8.335"/>
  <system-out/>
  <testcase classname="testPages.HomePageTest" name="useOfLinkTextAsLocator">
    <skipped/>
  </testcase> <!-- useOfLinkTextAsLocator -->
  <system-out/>
  <testcase classname="testPages.HomePageTest" name="clickSignin01test">
    <skipped/>
  </testcase> <!-- clickSignin01test -->
  <system-out/>
  <testcase classname="testPages.HomePageTest" name="inputTextInPasswordField">
    <skipped/>
  </testcase> <!-- inputTextInPasswordField -->
  <system-out/>
  <testcase classname="testPages.HomePageTest" name="signinFunctionlityTest">
    <skipped/>
  </testcase> <!-- signinFunctionlityTest -->
  <system-out/>
  <testcase classname="testPages.HomePageTest" name="useOfPartialLinkTextAsLocator">
    <skipped/>
  </testcase> <!-- useOfPartialLinkTextAsLocator -->
  <system-out/>
  <testcase classname="testPages.HomePageTest" name="clickRememberUserIdCheckBoxTest">
    <skipped/>
  </testcase> <!-- clickRememberUserIdCheckBoxTest -->
  <system-out/>
  <testcase classname="testPages.HomePageTest" name="clickLogoTest">
    <skipped/>
  </testcase> <!-- clickLogoTest -->
  <system-out/>
  <testcase classname="testPages.HomePageTest" name="inputTextInUserIdFieldTest">
    <skipped/>
  </testcase> <!-- inputTextInUserIdFieldTest -->
  <system-out/>
  <testcase classname="testPages.HomePageTest" name="clickSignin02test">
    <skipped/>
  </testcase> <!-- clickSignin02test -->
  <system-out/>
</testsuite> <!-- testPages.HomePageTest -->
